<?xml version="1.0" encoding="UTF-8"?>
<!-- Generated by org.testng.reporters.JUnitReportReporter -->
<testsuite skipped="0" hostname="TRAINING0117" name="com.Sample.testAnnotations" tests="2" failures="0" timestamp="02 Jul 2018 09:09:51 GMT" time="0.011" errors="0">
  <testcase name="test" time="0.006" classname="com.Sample.testAnnotations"/>
  <testcase name="test2" time="0.005" classname="com.Sample.testAnnotations"/>
</testsuite> <!-- com.Sample.testAnnotations -->
