<?xml version="1.0" encoding="UTF-8"?>
<!-- Generated by org.testng.reporters.JUnitReportReporter -->
<testsuite skipped="0" hostname="TRAINING0117" name="com.com.Sample.sample" tests="3" failures="0" timestamp="02 Jul 2018 09:09:51 GMT" time="0.004" errors="0">
  <testcase name="healthcare" time="0.001" classname="com.com.Sample.sample"/>
  <testcase name="verizon" time="0.001" classname="com.com.Sample.sample"/>
  <testcase name="healthcareBanking" time="0.002" classname="com.com.Sample.sample"/>
</testsuite> <!-- com.com.Sample.sample -->
