<?xml version="1.0" encoding="UTF-8"?>
<!-- Generated by org.testng.reporters.JUnitReportReporter -->
<testsuite skipped="1" hostname="TRAINING0117" name="com.Sample.Sample" tests="3" failures="0" timestamp="08 Jun 2018 12:37:27 GMT" time="31.697" errors="0">
  <testcase name="PageLaunch" time="31.692" classname="com.Sample.Sample"/>
  <testcase name="loginapp" time="0.002" classname="com.Sample.Sample"/>
  <testcase name="loginapp2" time="0.003" classname="com.Sample.Sample">
    <skipped/>
  </testcase> <!-- loginapp2 -->
</testsuite> <!-- com.Sample.Sample -->
